<?xml version="1.0" encoding="UTF-8"?>
<!-- Generated by org.testng.reporters.JUnitReportReporter -->
<testsuite skipped="0" hostname="Adityagoyal" name="TestCases" tests="1" failures="0" timestamp="03 Apr 2019 06:39:26 GMT" time="11.123" errors="0">
  <testcase name="launchApp" time="11.123" classname="TestCases"/>
</testsuite> <!-- TestCases -->
