<?xml version="1.0" encoding="UTF-8"?>
<!-- Generated by org.testng.reporters.JUnitReportReporter -->
<testsuite skipped="0" hostname="Adityagoyal" name="TestCases" tests="1" failures="0" timestamp="25 Mar 2019 08:13:34 GMT" time="16.767" errors="0">
  <testcase name="launchApp" time="16.767" classname="TestCases"/>
</testsuite> <!-- TestCases -->
